2025-04-12 09:41:28,416 - main - INFO - [STARTUP] App booting up...
2025-04-12 09:41:28,636 - sqlalchemy.engine.Engine - INFO - select pg_catalog.version()
2025-04-12 09:41:28,637 - sqlalchemy.engine.Engine - INFO - [raw sql] ()
2025-04-12 09:41:28,639 - sqlalchemy.engine.Engine - INFO - select current_schema()
2025-04-12 09:41:28,639 - sqlalchemy.engine.Engine - INFO - [raw sql] ()
2025-04-12 09:41:28,641 - sqlalchemy.engine.Engine - INFO - show standard_conforming_strings
2025-04-12 09:41:28,642 - sqlalchemy.engine.Engine - INFO - [raw sql] ()
2025-04-12 09:41:28,642 - sqlalchemy.engine.Engine - INFO - BEGIN (implicit)
2025-04-12 09:41:28,645 - sqlalchemy.engine.Engine - INFO - SELECT pg_catalog.pg_class.relname 
FROM pg_catalog.pg_class JOIN pg_catalog.pg_namespace ON pg_catalog.pg_namespace.oid = pg_catalog.pg_class.relnamespace 
WHERE pg_catalog.pg_class.relname = $1::VARCHAR AND pg_catalog.pg_class.relkind = ANY (ARRAY[$2::VARCHAR, $3::VARCHAR, $4::VARCHAR, $5::VARCHAR, $6::VARCHAR]) AND pg_catalog.pg_table_is_visible(pg_catalog.pg_class.oid) AND pg_catalog.pg_namespace.nspname != $7::VARCHAR
2025-04-12 09:41:28,646 - sqlalchemy.engine.Engine - INFO - [generated in 0.00129s] ('users', 'r', 'p', 'f', 'v', 'm', 'pg_catalog')
2025-04-12 09:41:28,659 - sqlalchemy.engine.Engine - INFO - COMMIT
2025-04-12 09:41:28,665 - main - INFO - [STARTUP] Database tables ensured.
2025-04-12 09:41:58,586 - main - INFO - [LOGOUT] Logout triggered.
2025-04-12 09:41:58,586 - main - INFO - [HTTP] POST /logout - 200 - 0.00s
2025-04-12 09:42:42,185 - main - INFO - [LOGIN_ATTEMPT] Username: Sankha
2025-04-12 09:42:42,185 - sqlalchemy.engine.Engine - INFO - BEGIN (implicit)
2025-04-12 09:42:42,185 - sqlalchemy.engine.Engine - INFO - SELECT users.id, users.username, users.email, users.phone, users.national_id, users.password, users.created_at 
FROM users 
WHERE users.username = $1::VARCHAR
2025-04-12 09:42:42,185 - sqlalchemy.engine.Engine - INFO - [generated in 0.00086s] ('Sankha',)
2025-04-12 09:42:42,217 - passlib.handlers.bcrypt - WARNING - (trapped) error reading bcrypt version
Traceback (most recent call last):
  File "C:\Users\ASUS\AppData\Local\Programs\Python\Python311\Lib\site-packages\passlib\handlers\bcrypt.py", line 620, in _load_backend_mixin
    version = _bcrypt.__about__.__version__
              ^^^^^^^^^^^^^^^^^
AttributeError: module 'bcrypt' has no attribute '__about__'
2025-04-12 09:42:42,541 - main - INFO - [LOGIN_SUCCESS] Username: Sankha, User ID: 5
2025-04-12 09:42:42,541 - sqlalchemy.engine.Engine - INFO - ROLLBACK
2025-04-12 09:42:42,541 - main - INFO - [HTTP] POST /login - 200 - 0.36s
2025-04-12 10:02:42,854 - main - INFO - [SHUTDOWN] App is shutting down...
